#
# There is insufficient memory for the Java Runtime Environment to continue.
# Native memory allocation (malloc) failed to allocate 32744 bytes for Chunk::new
# Possible reasons:
#   The system is out of physical RAM or swap space
#   The process is running with CompressedOops enabled, and the Java Heap may be blocking the growth of the native heap
# Possible solutions:
#   Reduce memory load on the system
#   Increase physical memory or swap space
#   Check if swap backing store is full
#   Decrease Java heap size (-Xmx/-Xms)
#   Decrease number of Java threads
#   Decrease Java thread stack sizes (-Xss)
#   Set larger code cache with -XX:ReservedCodeCacheSize=
#   JVM is running with Unscaled Compressed Oops mode in which the Java heap is
#     placed in the first 4GB address space. The Java Heap base address is the
#     maximum limit for the native heap growth. Please use -XX:HeapBaseMinAddress
#     to set the Java Heap base and to place the Java Heap above 4GB virtual address.
# This output file may be truncated or incomplete.
#
#  Out of Memory Error (arena.cpp:168), pid=21808, tid=16616
#
# JRE version: Java(TM) SE Runtime Environment (21.0.11+9) (build 21.0.11+9-LTS-211)
# Java VM: Java HotSpot(TM) 64-Bit Server VM (21.0.11+9-LTS-211, mixed mode, sharing, tiered, compressed oops, compressed class ptrs, g1 gc, windows-amd64)
# No core dump will be written. Minidumps are not enabled by default on client versions of Windows
#

---------------  S U M M A R Y ------------

Command Line: -Xmx64m -Xms64m -Dorg.gradle.appname=gradlew org.gradle.wrapper.GradleWrapperMain app:assembleDebug -x lint -x test --configure-on-demand --build-cache -PreactNativeDevServerPort=8081 -PreactNativeArchitectures=arm64-v8a,armeabi-v7a

Host: 11th Gen Intel(R) Core(TM) i5-1135G7 @ 2.40GHz, 8 cores, 7G,  Windows 11 , 64 bit Build 26100 (10.0.26100.8875)
Time: Mon Jul 20 22:39:02 2026 India Standard Time elapsed time: 494.771912 seconds (0d 0h 8m 14s)

---------------  T H R E A D  ---------------

Current thread (0x00000204df1515a0):  JavaThread "C2 CompilerThread0" daemon [_thread_in_native, id=16616, stack(0x000000b05c600000,0x000000b05c700000) (1024K)]


Current CompileTask:
C2: 494772 2601       4       java.lang.Integer::toString (55 bytes)

Stack: [0x000000b05c600000,0x000000b05c700000]
Native frames: (J=compiled Java code, j=interpreted, Vv=VM code, C=native code)
V  [jvm.dll+0x6d0ef9]
V  [jvm.dll+0x860126]
V  [jvm.dll+0x86261e]
V  [jvm.dll+0x862cf3]
V  [jvm.dll+0x282bc6]
V  [jvm.dll+0xc67ad]
V  [jvm.dll+0xc6cf1]
V  [jvm.dll+0x6fcd07]
V  [jvm.dll+0x1e3b3a]
V  [jvm.dll+0x24b673]
V  [jvm.dll+0x24aaff]
V  [jvm.dll+0x1cae7e]
V  [jvm.dll+0x25a7d9]
V  [jvm.dll+0x258d65]
V  [jvm.dll+0x3f50d1]
V  [jvm.dll+0x80ac0d]
V  [jvm.dll+0x6cf79d]
C  [ucrtbase.dll+0x2cd30]
C  [KERNEL32.DLL+0x2e957]
C  [ntdll.dll+0xaad6c]


---------------  P R O C E S S  ---------------

Threads class SMR info:
_java_thread_list=0x00000204e4875c90, length=12, elements={
0x0000020481fcb2a0, 0x00000204df135d60, 0x00000204df1387d0, 0x00000204df13fa80,
0x00000204df140af0, 0x00000204df1417b0, 0x00000204df144850, 0x00000204df1515a0,
0x00000204df151eb0, 0x00000204df2dae60, 0x00000204df2ea180, 0x00000204dfc584e0
}

Java Threads: ( => current thread )
  0x0000020481fcb2a0 JavaThread "main"                              [_thread_in_native, id=22060, stack(0x000000b05b800000,0x000000b05b900000) (1024K)]
  0x00000204df135d60 JavaThread "Reference Handler"          daemon [_thread_blocked, id=25720, stack(0x000000b05c000000,0x000000b05c100000) (1024K)]
  0x00000204df1387d0 JavaThread "Finalizer"                  daemon [_thread_blocked, id=4444, stack(0x000000b05c100000,0x000000b05c200000) (1024K)]
  0x00000204df13fa80 JavaThread "Signal Dispatcher"          daemon [_thread_blocked, id=17312, stack(0x000000b05c200000,0x000000b05c300000) (1024K)]
  0x00000204df140af0 JavaThread "Attach Listener"            daemon [_thread_blocked, id=8412, stack(0x000000b05c300000,0x000000b05c400000) (1024K)]
  0x00000204df1417b0 JavaThread "Service Thread"             daemon [_thread_blocked, id=19336, stack(0x000000b05c400000,0x000000b05c500000) (1024K)]
  0x00000204df144850 JavaThread "Monitor Deflation Thread"   daemon [_thread_blocked, id=25312, stack(0x000000b05c500000,0x000000b05c600000) (1024K)]
=>0x00000204df1515a0 JavaThread "C2 CompilerThread0"         daemon [_thread_in_native, id=16616, stack(0x000000b05c600000,0x000000b05c700000) (1024K)]
  0x00000204df151eb0 JavaThread "C1 CompilerThread0"         daemon [_thread_blocked, id=13864, stack(0x000000b05c700000,0x000000b05c800000) (1024K)]
  0x00000204df2dae60 JavaThread "Notification Thread"        daemon [_thread_blocked, id=25896, stack(0x000000b05c800000,0x000000b05c900000) (1024K)]
  0x00000204df2ea180 JavaThread "Common-Cleaner"             daemon [_thread_blocked, id=22732, stack(0x000000b05c900000,0x000000b05ca00000) (1024K)]
  0x00000204dfc584e0 JavaThread "pool-1-thread-1"                   [_thread_blocked, id=11928, stack(0x000000b05cf00000,0x000000b05d000000) (1024K)]
Total: 12

Other Threads:
  0x000002048207b620 VMThread "VM Thread"                           [id=20496, stack(0x000000b05bf00000,0x000000b05c000000) (1024K)]
  0x00000204df11c5a0 WatcherThread "VM Periodic Task Thread"        [id=23984, stack(0x000000b05be00000,0x000000b05bf00000) (1024K)]
  0x0000020481fdf380 WorkerThread "GC Thread#0"                     [id=20084, stack(0x000000b05b900000,0x000000b05ba00000) (1024K)]
  0x00000204dfa99940 WorkerThread "GC Thread#1"                     [id=24688, stack(0x000000b05cc00000,0x000000b05cd00000) (1024K)]
  0x00000204df84e7d0 WorkerThread "GC Thread#2"                     [id=1352, stack(0x000000b05cd00000,0x000000b05ce00000) (1024K)]
  0x00000204df673d00 WorkerThread "GC Thread#3"                     [id=8524, stack(0x000000b05ce00000,0x000000b05cf00000) (1024K)]
  0x00000204e450b8f0 WorkerThread "GC Thread#4"                     [id=13292, stack(0x000000b05d000000,0x000000b05d100000) (1024K)]
  0x00000204e4199ec0 WorkerThread "GC Thread#5"                     [id=10864, stack(0x000000b05d100000,0x000000b05d200000) (1024K)]
  0x00000204e419a680 WorkerThread "GC Thread#6"                     [id=17492, stack(0x000000b05d200000,0x000000b05d300000) (1024K)]
  0x00000204e419aa30 WorkerThread "GC Thread#7"                     [id=19356, stack(0x000000b05d300000,0x000000b05d400000) (1024K)]
  0x0000020481fe0a80 ConcurrentGCThread "G1 Main Marker"            [id=4564, stack(0x000000b05ba00000,0x000000b05bb00000) (1024K)]
  0x0000020481fe14a0 WorkerThread "G1 Conc#0"                       [id=26260, stack(0x000000b05bb00000,0x000000b05bc00000) (1024K)]
  0x000002048205d770 ConcurrentGCThread "G1 Refine#0"               [id=22512, stack(0x000000b05bc00000,0x000000b05bd00000) (1024K)]
  0x000002048205e0a0 ConcurrentGCThread "G1 Service"                [id=20076, stack(0x000000b05bd00000,0x000000b05be00000) (1024K)]
Total: 14

Threads with active compile tasks:
C2 CompilerThread0   495885 2601       4       java.lang.Integer::toString (55 bytes)
Total: 1

VM state: not at safepoint (normal execution)

VM Mutex/Monitor currently owned by a thread: None

Heap address: 0x00000000fc000000, size: 64 MB, Compressed Oops mode: 32-bit

CDS archive(s) mapped at: [0x000002049e000000-0x000002049ec90000-0x000002049ec90000), size 13172736, SharedBaseAddress: 0x000002049e000000, ArchiveRelocationMode: 1.
Compressed class space mapped at: 0x000002049f000000-0x00000204df000000, reserved size: 1073741824
Narrow klass base: 0x000002049e000000, Narrow klass shift: 0, Narrow klass range: 0x100000000

GC Precious Log:
 CardTable entry size: 512
 Card Set container configuration: InlinePtr #cards 5 size 8 Array Of Cards #cards 12 size 40 Howl #buckets 4 coarsen threshold 1843 Howl Bitmap #cards 512 size 80 coarsen threshold 460 Card regions per heap region 1 cards per card region 2048
 CPUs: 8 total, 8 available
 Memory: 7932M
 Large Page Support: Disabled
 NUMA Support: Disabled
 Compressed Oops: Enabled (32-bit)
 Heap Region Size: 1M
 Heap Min Capacity: 64M
 Heap Initial Capacity: 64M
 Heap Max Capacity: 64M
 Pre-touch: Disabled
 Parallel Workers: 8
 Concurrent Workers: 2
 Concurrent Refinement Workers: 8
 Periodic GC: Disabled

Heap:
 garbage-first heap   total 65536K, used 26680K [0x00000000fc000000, 0x0000000100000000)
  region size 1024K, 14 young (14336K), 2 survivors (2048K)
 Metaspace       used 11525K, committed 11840K, reserved 1114112K
  class space    used 1434K, committed 1536K, reserved 1048576K

Heap Regions: E=young(eden), S=young(survivor), O=old, HS=humongous(starts), HC=humongous(continues), CS=collection set, F=free, TAMS=top-at-mark-start, PB=parsable bottom
|   0|0x00000000fc000000, 0x00000000fc100000, 0x00000000fc100000|100%| O|  |TAMS 0x00000000fc000000| PB 0x00000000fc000000| Untracked 
|   1|0x00000000fc100000, 0x00000000fc200000, 0x00000000fc200000|100%| O|  |TAMS 0x00000000fc100000| PB 0x00000000fc100000| Untracked 
|   2|0x00000000fc200000, 0x00000000fc300000, 0x00000000fc300000|100%|HS|  |TAMS 0x00000000fc200000| PB 0x00000000fc200000| Complete 
|   3|0x00000000fc300000, 0x00000000fc400000, 0x00000000fc400000|100%|HC|  |TAMS 0x00000000fc300000| PB 0x00000000fc300000| Complete 
|   4|0x00000000fc400000, 0x00000000fc500000, 0x00000000fc500000|100%|HC|  |TAMS 0x00000000fc400000| PB 0x00000000fc400000| Complete 
|   5|0x00000000fc500000, 0x00000000fc600000, 0x00000000fc600000|100%|HC|  |TAMS 0x00000000fc500000| PB 0x00000000fc500000| Complete 
|   6|0x00000000fc600000, 0x00000000fc700000, 0x00000000fc700000|100%| O|  |TAMS 0x00000000fc600000| PB 0x00000000fc600000| Untracked 
|   7|0x00000000fc700000, 0x00000000fc800000, 0x00000000fc800000|100%| O|  |TAMS 0x00000000fc700000| PB 0x00000000fc700000| Untracked 
|   8|0x00000000fc800000, 0x00000000fc900000, 0x00000000fc900000|100%| O|  |TAMS 0x00000000fc800000| PB 0x00000000fc800000| Untracked 
|   9|0x00000000fc900000, 0x00000000fca00000, 0x00000000fca00000|100%| O|  |TAMS 0x00000000fc900000| PB 0x00000000fc900000| Untracked 
|  10|0x00000000fca00000, 0x00000000fcb00000, 0x00000000fcb00000|100%| O|  |TAMS 0x00000000fca00000| PB 0x00000000fca00000| Untracked 
|  11|0x00000000fcb00000, 0x00000000fcc00000, 0x00000000fcc00000|100%| O|  |TAMS 0x00000000fcb00000| PB 0x00000000fcb00000| Untracked 
|  12|0x00000000fcc00000, 0x00000000fcd00000, 0x00000000fcd00000|100%| O|  |TAMS 0x00000000fcc00000| PB 0x00000000fcc00000| Untracked 
|  13|0x00000000fcd00000, 0x00000000fcdc3d80, 0x00000000fce00000| 76%| O|  |TAMS 0x00000000fcd00000| PB 0x00000000fcd00000| Untracked 
|  14|0x00000000fce00000, 0x00000000fce00000, 0x00000000fcf00000|  0%| F|  |TAMS 0x00000000fce00000| PB 0x00000000fce00000| Untracked 
|  15|0x00000000fcf00000, 0x00000000fcf00000, 0x00000000fd000000|  0%| F|  |TAMS 0x00000000fcf00000| PB 0x00000000fcf00000| Untracked 
|  16|0x00000000fd000000, 0x00000000fd000000, 0x00000000fd100000|  0%| F|  |TAMS 0x00000000fd000000| PB 0x00000000fd000000| Untracked 
|  17|0x00000000fd100000, 0x00000000fd100000, 0x00000000fd200000|  0%| F|  |TAMS 0x00000000fd100000| PB 0x00000000fd100000| Untracked 
|  18|0x00000000fd200000, 0x00000000fd200000, 0x00000000fd300000|  0%| F|  |TAMS 0x00000000fd200000| PB 0x00000000fd200000| Untracked 
|  19|0x00000000fd300000, 0x00000000fd300000, 0x00000000fd400000|  0%| F|  |TAMS 0x00000000fd300000| PB 0x00000000fd300000| Untracked 
|  20|0x00000000fd400000, 0x00000000fd400000, 0x00000000fd500000|  0%| F|  |TAMS 0x00000000fd400000| PB 0x00000000fd400000| Untracked 
|  21|0x00000000fd500000, 0x00000000fd500000, 0x00000000fd600000|  0%| F|  |TAMS 0x00000000fd500000| PB 0x00000000fd500000| Untracked 
|  22|0x00000000fd600000, 0x00000000fd600000, 0x00000000fd700000|  0%| F|  |TAMS 0x00000000fd600000| PB 0x00000000fd600000| Untracked 
|  23|0x00000000fd700000, 0x00000000fd700000, 0x00000000fd800000|  0%| F|  |TAMS 0x00000000fd700000| PB 0x00000000fd700000| Untracked 
|  24|0x00000000fd800000, 0x00000000fd800000, 0x00000000fd900000|  0%| F|  |TAMS 0x00000000fd800000| PB 0x00000000fd800000| Untracked 
|  25|0x00000000fd900000, 0x00000000fd900000, 0x00000000fda00000|  0%| F|  |TAMS 0x00000000fd900000| PB 0x00000000fd900000| Untracked 
|  26|0x00000000fda00000, 0x00000000fda00000, 0x00000000fdb00000|  0%| F|  |TAMS 0x00000000fda00000| PB 0x00000000fda00000| Untracked 
|  27|0x00000000fdb00000, 0x00000000fdb00000, 0x00000000fdc00000|  0%| F|  |TAMS 0x00000000fdb00000| PB 0x00000000fdb00000| Untracked 
|  28|0x00000000fdc00000, 0x00000000fdc00000, 0x00000000fdd00000|  0%| F|  |TAMS 0x00000000fdc00000| PB 0x00000000fdc00000| Untracked 
|  29|0x00000000fdd00000, 0x00000000fdd00000, 0x00000000fde00000|  0%| F|  |TAMS 0x00000000fdd00000| PB 0x00000000fdd00000| Untracked 
|  30|0x00000000fde00000, 0x00000000fde00000, 0x00000000fdf00000|  0%| F|  |TAMS 0x00000000fde00000| PB 0x00000000fde00000| Untracked 
|  31|0x00000000fdf00000, 0x00000000fdf00000, 0x00000000fe000000|  0%| F|  |TAMS 0x00000000fdf00000| PB 0x00000000fdf00000| Untracked 
|  32|0x00000000fe000000, 0x00000000fe000000, 0x00000000fe100000|  0%| F|  |TAMS 0x00000000fe000000| PB 0x00000000fe000000| Untracked 
|  33|0x00000000fe100000, 0x00000000fe14a320, 0x00000000fe200000| 28%| S|CS|TAMS 0x00000000fe100000| PB 0x00000000fe100000| Complete 
|  34|0x00000000fe200000, 0x00000000fe300000, 0x00000000fe300000|100%| S|CS|TAMS 0x00000000fe200000| PB 0x00000000fe200000| Complete 
|  35|0x00000000fe300000, 0x00000000fe300000, 0x00000000fe400000|  0%| F|  |TAMS 0x00000000fe300000| PB 0x00000000fe300000| Untracked 
|  36|0x00000000fe400000, 0x00000000fe400000, 0x00000000fe500000|  0%| F|  |TAMS 0x00000000fe400000| PB 0x00000000fe400000| Untracked 
|  37|0x00000000fe500000, 0x00000000fe500000, 0x00000000fe600000|  0%| F|  |TAMS 0x00000000fe500000| PB 0x00000000fe500000| Untracked 
|  38|0x00000000fe600000, 0x00000000fe600000, 0x00000000fe700000|  0%| F|  |TAMS 0x00000000fe600000| PB 0x00000000fe600000| Untracked 
|  39|0x00000000fe700000, 0x00000000fe700000, 0x00000000fe800000|  0%| F|  |TAMS 0x00000000fe700000| PB 0x00000000fe700000| Untracked 
|  40|0x00000000fe800000, 0x00000000fe800000, 0x00000000fe900000|  0%| F|  |TAMS 0x00000000fe800000| PB 0x00000000fe800000| Untracked 
|  41|0x00000000fe900000, 0x00000000fe900000, 0x00000000fea00000|  0%| F|  |TAMS 0x00000000fe900000| PB 0x00000000fe900000| Untracked 
|  42|0x00000000fea00000, 0x00000000fea00000, 0x00000000feb00000|  0%| F|  |TAMS 0x00000000fea00000| PB 0x00000000fea00000| Untracked 
|  43|0x00000000feb00000, 0x00000000feb00000, 0x00000000fec00000|  0%| F|  |TAMS 0x00000000feb00000| PB 0x00000000feb00000| Untracked 
|  44|0x00000000fec00000, 0x00000000fec00000, 0x00000000fed00000|  0%| F|  |TAMS 0x00000000fec00000| PB 0x00000000fec00000| Untracked 
|  45|0x00000000fed00000, 0x00000000fed00000, 0x00000000fee00000|  0%| F|  |TAMS 0x00000000fed00000| PB 0x00000000fed00000| Untracked 
|  46|0x00000000fee00000, 0x00000000fee00000, 0x00000000fef00000|  0%| F|  |TAMS 0x00000000fee00000| PB 0x00000000fee00000| Untracked 
|  47|0x00000000fef00000, 0x00000000fef00000, 0x00000000ff000000|  0%| F|  |TAMS 0x00000000fef00000| PB 0x00000000fef00000| Untracked 
|  48|0x00000000ff000000, 0x00000000ff000000, 0x00000000ff100000|  0%| F|  |TAMS 0x00000000ff000000| PB 0x00000000ff000000| Untracked 
|  49|0x00000000ff100000, 0x00000000ff100000, 0x00000000ff200000|  0%| F|  |TAMS 0x00000000ff100000| PB 0x00000000ff100000| Untracked 
|  50|0x00000000ff200000, 0x00000000ff200000, 0x00000000ff300000|  0%| F|  |TAMS 0x00000000ff200000| PB 0x00000000ff200000| Untracked 
|  51|0x00000000ff300000, 0x00000000ff300000, 0x00000000ff400000|  0%| F|  |TAMS 0x00000000ff300000| PB 0x00000000ff300000| Untracked 
|  52|0x00000000ff400000, 0x00000000ff4d88e8, 0x00000000ff500000| 84%| E|  |TAMS 0x00000000ff400000| PB 0x00000000ff400000| Complete 
|  53|0x00000000ff500000, 0x00000000ff600000, 0x00000000ff600000|100%| E|CS|TAMS 0x00000000ff500000| PB 0x00000000ff500000| Complete 
|  54|0x00000000ff600000, 0x00000000ff700000, 0x00000000ff700000|100%| E|CS|TAMS 0x00000000ff600000| PB 0x00000000ff600000| Complete 
|  55|0x00000000ff700000, 0x00000000ff800000, 0x00000000ff800000|100%| E|CS|TAMS 0x00000000ff700000| PB 0x00000000ff700000| Complete 
|  56|0x00000000ff800000, 0x00000000ff900000, 0x00000000ff900000|100%| E|CS|TAMS 0x00000000ff800000| PB 0x00000000ff800000| Complete 
|  57|0x00000000ff900000, 0x00000000ffa00000, 0x00000000ffa00000|100%| E|CS|TAMS 0x00000000ff900000| PB 0x00000000ff900000| Complete 
|  58|0x00000000ffa00000, 0x00000000ffb00000, 0x00000000ffb00000|100%| E|CS|TAMS 0x00000000ffa00000| PB 0x00000000ffa00000| Complete 
|  59|0x00000000ffb00000, 0x00000000ffc00000, 0x00000000ffc00000|100%| E|CS|TAMS 0x00000000ffb00000| PB 0x00000000ffb00000| Complete 
|  60|0x00000000ffc00000, 0x00000000ffd00000, 0x00000000ffd00000|100%| E|CS|TAMS 0x00000000ffc00000| PB 0x00000000ffc00000| Complete 
|  61|0x00000000ffd00000, 0x00000000ffe00000, 0x00000000ffe00000|100%| E|CS|TAMS 0x00000000ffd00000| PB 0x00000000ffd00000| Complete 
|  62|0x00000000ffe00000, 0x00000000fff00000, 0x00000000fff00000|100%| E|CS|TAMS 0x00000000ffe00000| PB 0x00000000ffe00000| Complete 
|  63|0x00000000fff00000, 0x0000000100000000, 0x0000000100000000|100%| E|CS|TAMS 0x00000000fff00000| PB 0x00000000fff00000| Complete 

Card table byte_map: [0x000002049b4e0000,0x000002049b500000] _byte_map_base: 0x000002049ad00000

Marking Bits: (CMBitMap*) 0x0000020481fdf9a0
 Bits: [0x000002049b500000, 0x000002049b600000)

Polling page: 0x0000020482080000

Metaspace:

Usage:
  Non-class:      9.86 MB used.
      Class:      1.40 MB used.
       Both:     11.26 MB used.

Virtual space:
  Non-class space:       64.00 MB reserved,      10.06 MB ( 16%) committed,  1 nodes.
      Class space:        1.00 GB reserved,       1.50 MB ( <1%) committed,  1 nodes.
             Both:        1.06 GB reserved,      11.56 MB (  1%) committed. 

Chunk freelists:
   Non-Class:  5.61 MB
       Class:  14.45 MB
        Both:  20.06 MB

MaxMetaspaceSize: unlimited
CompressedClassSpaceSize: 1.00 GB
Initial GC threshold: 21.00 MB
Current GC threshold: 21.00 MB
CDS: on
 - commit_granule_bytes: 65536.
 - commit_granule_words: 8192.
 - virtual_space_node_default_size: 8388608.
 - enlarge_chunks_in_place: 1.
 - use_allocation_guard: 0.


Internal statistics:

num_allocs_failed_limit: 0.
num_arena_births: 258.
num_arena_deaths: 0.
num_vsnodes_births: 2.
num_vsnodes_deaths: 0.
num_space_committed: 185.
num_space_uncommitted: 0.
num_chunks_returned_to_freelist: 0.
num_chunks_taken_from_freelist: 582.
num_chunk_merges: 0.
num_chunk_splits: 381.
num_chunks_enlarged: 283.
num_inconsistent_stats: 0.

CodeHeap 'non-profiled nmethods': size=120000Kb used=1355Kb max_used=1355Kb free=118645Kb
 bounds [0x0000020493510000, 0x0000020493780000, 0x000002049aa40000]
CodeHeap 'profiled nmethods': size=120000Kb used=4909Kb max_used=4909Kb free=115091Kb
 bounds [0x000002048ba40000, 0x000002048bf10000, 0x0000020492f70000]
CodeHeap 'non-nmethods': size=5760Kb used=1584Kb max_used=1617Kb free=4176Kb
 bounds [0x0000020492f70000, 0x00000204931e0000, 0x0000020493510000]
 total_blobs=3119 nmethods=2600 adapters=423
 compilation: enabled
              stopped_count=0, restarted_count=0
 full_count=0

Compilation events (20 events):
Event: 427.231 Thread 0x00000204df1515a0 nmethod 2591 0x000002049365db10 code [0x000002049365dcc0, 0x000002049365e638]
Event: 427.231 Thread 0x00000204df1515a0 2592       4       org.gradle.internal.logging.serializer.ProgressStartEventSerializer::read (6 bytes)
Event: 427.238 Thread 0x00000204df1515a0 nmethod 2592 0x000002049365e710 code [0x000002049365e8a0, 0x000002049365e950]
Event: 427.542 Thread 0x00000204df1515a0 2593       4       com.google.common.collect.TransformedIterator::next (14 bytes)
Event: 427.628 Thread 0x00000204df1515a0 nmethod 2593 0x000002049365ea10 code [0x000002049365ec40, 0x000002049365f948]
Event: 427.629 Thread 0x00000204df1515a0 2594       4       org.gradle.internal.logging.serializer.ProgressCompleteEventSerializer::read (6 bytes)
Event: 427.671 Thread 0x00000204df1515a0 nmethod 2594 0x000002049365fe10 code [0x0000020493660080, 0x0000020493660bd8]
Event: 428.052 Thread 0x00000204df151eb0 2595       3       org.gradle.internal.logging.sink.GroupingProgressLogEventGenerator$OperationGroup::setStatus (11 bytes)
Event: 428.056 Thread 0x00000204df151eb0 nmethod 2595 0x000002048bf0a590 code [0x000002048bf0a720, 0x000002048bf0a880]
Event: 428.263 Thread 0x00000204df1515a0 2596       4       java.util.Arrays::copyOf (40 bytes)
Event: 428.304 Thread 0x00000204df1515a0 nmethod 2596 0x0000020493661590 code [0x0000020493661740, 0x0000020493661c20]
Event: 441.144 Thread 0x00000204df1515a0 2597       4       org.gradle.internal.logging.sink.GroupingProgressLogEventGenerator$OperationGroup::hasForeground (15 bytes)
Event: 441.147 Thread 0x00000204df1515a0 nmethod 2597 0x0000020493661e90 code [0x0000020493662020, 0x0000020493662138]
Event: 443.692 Thread 0x00000204df1515a0 2598       4       org.gradle.internal.logging.events.StyledTextOutputEvent$Span::equals (63 bytes)
Event: 443.722 Thread 0x00000204df1515a0 nmethod 2598 0x0000020493662290 code [0x0000020493662440, 0x00000204936626e8]
Event: 448.683 Thread 0x00000204df151eb0 2599       3       com.google.common.collect.Lists$ReverseList::listIterator (27 bytes)
Event: 448.696 Thread 0x00000204df151eb0 nmethod 2599 0x000002048bf0a910 code [0x000002048bf0ab20, 0x000002048bf0b1a0]
Event: 464.563 Thread 0x00000204df1515a0 2600       4       java.util.concurrent.TimeUnit::toMillis (69 bytes)
Event: 464.583 Thread 0x00000204df1515a0 nmethod 2600 0x0000020493662890 code [0x0000020493662a20, 0x0000020493662b38]
Event: 488.661 Thread 0x00000204df1515a0 2601       4       java.lang.Integer::toString (55 bytes)

GC Heap History (6 events):
Event: 0.568 GC heap before
{Heap before GC invocations=0 (full 0):
 garbage-first heap   total 65536K, used 22528K [0x00000000fc000000, 0x0000000100000000)
  region size 1024K, 23 young (23552K), 0 survivors (0K)
 Metaspace       used 1695K, committed 1856K, reserved 1114112K
  class space    used 148K, committed 256K, reserved 1048576K
}
Event: 0.573 GC heap after
{Heap after GC invocations=1 (full 0):
 garbage-first heap   total 65536K, used 4288K [0x00000000fc000000, 0x0000000100000000)
  region size 1024K, 3 young (3072K), 3 survivors (3072K)
 Metaspace       used 1695K, committed 1856K, reserved 1114112K
  class space    used 148K, committed 256K, reserved 1048576K
}
Event: 1.222 GC heap before
{Heap before GC invocations=1 (full 0):
 garbage-first heap   total 65536K, used 39104K [0x00000000fc000000, 0x0000000100000000)
  region size 1024K, 33 young (33792K), 3 survivors (3072K)
 Metaspace       used 9194K, committed 9472K, reserved 1114112K
  class space    used 1205K, committed 1344K, reserved 1048576K
}
Event: 1.227 GC heap after
{Heap after GC invocations=2 (full 0):
 garbage-first heap   total 65536K, used 13962K [0x00000000fc000000, 0x0000000100000000)
  region size 1024K, 5 young (5120K), 5 survivors (5120K)
 Metaspace       used 9194K, committed 9472K, reserved 1114112K
  class space    used 1205K, committed 1344K, reserved 1048576K
}
Event: 281.565 GC heap before
{Heap before GC invocations=2 (full 0):
 garbage-first heap   total 65536K, used 43658K [0x00000000fc000000, 0x0000000100000000)
  region size 1024K, 34 young (34816K), 5 survivors (5120K)
 Metaspace       used 11516K, committed 11776K, reserved 1114112K
  class space    used 1434K, committed 1536K, reserved 1048576K
}
Event: 281.715 GC heap after
{Heap after GC invocations=3 (full 0):
 garbage-first heap   total 65536K, used 15416K [0x00000000fc000000, 0x0000000100000000)
  region size 1024K, 2 young (2048K), 2 survivors (2048K)
 Metaspace       used 11516K, committed 11776K, reserved 1114112K
  class space    used 1434K, committed 1536K, reserved 1048576K
}

Dll operation events (13 events):
Event: 0.006 Loaded shared library C:\Program Files\Java\jdk-21.0.11\bin\java.dll
Event: 0.032 Loaded shared library C:\Program Files\Java\jdk-21.0.11\bin\jsvml.dll
Event: 0.047 Loaded shared library C:\Program Files\Java\jdk-21.0.11\bin\net.dll
Event: 0.050 Loaded shared library C:\Program Files\Java\jdk-21.0.11\bin\nio.dll
Event: 0.056 Loaded shared library C:\Program Files\Java\jdk-21.0.11\bin\zip.dll
Event: 0.060 Loaded shared library C:\Program Files\Java\jdk-21.0.11\bin\verify.dll
Event: 0.440 Loaded shared library C:\Program Files\Java\jdk-21.0.11\bin\jimage.dll
Event: 0.807 Loaded shared library C:\Users\HP\.gradle\native\c067742578af261105cb4f569cf0c3c89f3d7b1fecec35dd04571415982c5e48\windows-amd64\native-platform.dll
Event: 0.824 Loaded shared library C:\Users\HP\.gradle\native\jansi\1.18\windows64\jansi.dll
Event: 0.950 Loaded shared library C:\Program Files\Java\jdk-21.0.11\bin\management.dll
Event: 0.955 Loaded shared library C:\Program Files\Java\jdk-21.0.11\bin\management_ext.dll
Event: 1.116 Loaded shared library C:\Program Files\Java\jdk-21.0.11\bin\extnet.dll
Event: 4.006 Loaded shared library C:\Program Files\Java\jdk-21.0.11\bin\sunmscapi.dll

Deoptimization events (20 events):
Event: 332.813 Thread 0x0000020481fcb2a0 Uncommon trap: trap_request=0xffffffde fr.pc=0x0000020493613954 relative=0x00000000000017b4
Event: 332.813 Thread 0x0000020481fcb2a0 Uncommon trap: reason=class_check action=maybe_recompile pc=0x0000020493613954 method=org.gradle.internal.logging.sink.OutputEventTransformer.onOutput(Lorg/gradle/internal/logging/events/OutputEvent;)V @ 308 c2
Event: 332.813 Thread 0x0000020481fcb2a0 DEOPT PACKING pc=0x0000020493613954 sp=0x000000b05b8fe240
Event: 332.813 Thread 0x0000020481fcb2a0 DEOPT UNPACKING pc=0x0000020492fc7da2 sp=0x000000b05b8fe208 mode 2
Event: 332.848 Thread 0x00000204dfc584e0 Uncommon trap: trap_request=0xffffffde fr.pc=0x000002049360a194 relative=0x0000000000000914
Event: 332.849 Thread 0x00000204dfc584e0 Uncommon trap: reason=class_check action=maybe_recompile pc=0x000002049360a194 method=org.gradle.internal.logging.sink.GroupingProgressLogEventGenerator.onOutput(Lorg/gradle/internal/logging/events/OutputEvent;)V @ 27 c2
Event: 332.849 Thread 0x00000204dfc584e0 DEOPT PACKING pc=0x000002049360a194 sp=0x000000b05cffec70
Event: 332.849 Thread 0x00000204dfc584e0 DEOPT UNPACKING pc=0x0000020492fc7da2 sp=0x000000b05cffeb00 mode 2
Event: 332.852 Thread 0x00000204dfc584e0 Uncommon trap: trap_request=0xffffffde fr.pc=0x000002049360a194 relative=0x0000000000000914
Event: 332.852 Thread 0x00000204dfc584e0 Uncommon trap: reason=class_check action=maybe_recompile pc=0x000002049360a194 method=org.gradle.internal.logging.sink.GroupingProgressLogEventGenerator.onOutput(Lorg/gradle/internal/logging/events/OutputEvent;)V @ 27 c2
Event: 332.852 Thread 0x00000204dfc584e0 DEOPT PACKING pc=0x000002049360a194 sp=0x000000b05cffec70
Event: 332.852 Thread 0x00000204dfc584e0 DEOPT UNPACKING pc=0x0000020492fc7da2 sp=0x000000b05cffeb00 mode 2
Event: 332.853 Thread 0x00000204dfc584e0 Uncommon trap: trap_request=0xffffffde fr.pc=0x0000020493601f6c relative=0x00000000000004ec
Event: 332.854 Thread 0x00000204dfc584e0 Uncommon trap: reason=class_check action=maybe_recompile pc=0x0000020493601f6c method=org.gradle.internal.logging.sink.GroupingProgressLogEventGenerator.onOutput(Lorg/gradle/internal/logging/events/OutputEvent;)V @ 27 c2
Event: 332.854 Thread 0x00000204dfc584e0 DEOPT PACKING pc=0x0000020493601f6c sp=0x000000b05cffec00
Event: 332.854 Thread 0x00000204dfc584e0 DEOPT UNPACKING pc=0x0000020492fc7da2 sp=0x000000b05cffeb00 mode 2
Event: 332.854 Thread 0x00000204dfc584e0 Uncommon trap: trap_request=0xffffffde fr.pc=0x0000020493602a50 relative=0x0000000000000230
Event: 332.854 Thread 0x00000204dfc584e0 Uncommon trap: reason=class_check action=maybe_recompile pc=0x0000020493602a50 method=org.gradle.internal.logging.sink.GroupingProgressLogEventGenerator.onOutput(Lorg/gradle/internal/logging/events/OutputEvent;)V @ 27 c2
Event: 332.854 Thread 0x00000204dfc584e0 DEOPT PACKING pc=0x0000020493602a50 sp=0x000000b05cffebd0
Event: 332.854 Thread 0x00000204dfc584e0 DEOPT UNPACKING pc=0x0000020492fc7da2 sp=0x000000b05cffeaf8 mode 2

Classes loaded (20 events):
Event: 4.657 Loading class java/io/ObjectInputStream$BlockDataInputStream
Event: 4.657 Loading class java/io/ObjectInputStream$BlockDataInputStream done
Event: 4.657 Loading class java/io/ObjectInputStream$PeekInputStream
Event: 4.657 Loading class java/io/ObjectInputStream$PeekInputStream done
Event: 4.657 Loading class java/io/ObjectInputStream$HandleTable
Event: 4.658 Loading class java/io/ObjectInputStream$HandleTable done
Event: 4.658 Loading class java/io/ObjectInputStream$HandleTable$HandleList
Event: 4.658 Loading class java/io/ObjectInputStream$HandleTable$HandleList done
Event: 4.658 Loading class java/io/ObjectInputStream$ValidationList
Event: 4.658 Loading class java/io/ObjectInputStream$ValidationList done
Event: 4.658 Loading class java/io/ObjectInputFilter$Config
Event: 4.658 Loading class java/io/ObjectInputFilter$Config done
Event: 4.658 Loading class java/io/ObjectInputFilter
Event: 4.659 Loading class java/io/ObjectInputFilter done
Event: 4.659 Loading class java/lang/invoke/MethodHandle$1
Event: 4.659 Loading class java/lang/invoke/MethodHandle$1 done
Event: 4.660 Loading class java/io/ObjectInputFilter$Config$BuiltinFilterFactory
Event: 4.660 Loading class java/io/ObjectInputFilter$Config$BuiltinFilterFactory done
Event: 4.660 Loading class jdk/internal/access/JavaObjectInputFilterAccess
Event: 4.660 Loading class jdk/internal/access/JavaObjectInputFilterAccess done

Classes unloaded (0 events):
No events

Classes redefined (0 events):
No events

Internal exceptions (20 events):
Event: 0.880 Thread 0x0000020481fcb2a0 Exception <a 'java/lang/NoSuchMethodError'{0x00000000ff1b9470}: 'java.lang.Object java.lang.invoke.Invokers$Holder.invokeExact_MT(java.lang.Object, java.lang.Object, java.lang.Object, java.lang.Object, java.lang.Object)'> (0x00000000ff1b9470) 
thrown [s\open\src\hotspot\share\interpreter\linkResolver.cpp, line 773]
Event: 0.884 Thread 0x0000020481fcb2a0 Exception <a 'java/lang/NoSuchMethodError'{0x00000000ff1e58a0}: 'java.lang.Object java.lang.invoke.DirectMethodHandle$Holder.invokeVirtual(java.lang.Object, java.lang.Object, java.lang.Object, java.lang.Object, java.lang.Object, java.lang.Object, java.lang.Object)'> (0x00000000ff1e58a0) 
thrown [s\open\src\hotspot\share\interpreter\linkResolver.cpp, line 773]
Event: 0.888 Thread 0x0000020481fcb2a0 Exception <a 'java/lang/NoSuchMethodError'{0x00000000ff027788}: 'java.lang.Object java.lang.invoke.DirectMethodHandle$Holder.invokeVirtual(java.lang.Object, java.lang.Object, java.lang.Object, java.lang.Object)'> (0x00000000ff027788) 
thrown [s\open\src\hotspot\share\interpreter\linkResolver.cpp, line 773]
Event: 0.900 Thread 0x0000020481fcb2a0 Exception <a 'java/lang/NoSuchMethodError'{0x00000000ff0dd568}: 'java.lang.Object java.lang.invoke.DirectMethodHandle$Holder.invokeVirtual(java.lang.Object, java.lang.Object, java.lang.Object, java.lang.Object, java.lang.Object, java.lang.Object)'> (0x00000000ff0dd568) 
thrown [s\open\src\hotspot\share\interpreter\linkResolver.cpp, line 773]
Event: 0.931 Thread 0x0000020481fcb2a0 Implicit null exception at 0x00000204935869ba to 0x0000020493586c18
Event: 0.977 Thread 0x0000020481fcb2a0 Exception <a 'java/lang/NoSuchMethodError'{0x00000000fec66718}: 'int java.lang.invoke.DirectMethodHandle$Holder.invokeVirtual(java.lang.Object, java.lang.Object, java.lang.Object)'> (0x00000000fec66718) 
thrown [s\open\src\hotspot\share\interpreter\linkResolver.cpp, line 773]
Event: 1.007 Thread 0x0000020481fcb2a0 Exception <a 'java/lang/NoSuchMethodError'{0x00000000febed2d0}: 'java.lang.Object java.lang.invoke.DirectMethodHandle$Holder.invokeVirtual(java.lang.Object, java.lang.Object, java.lang.Object, java.lang.Object, java.lang.Object)'> (0x00000000febed2d0) 
thrown [s\open\src\hotspot\share\interpreter\linkResolver.cpp, line 773]
Event: 1.008 Thread 0x0000020481fcb2a0 Exception <a 'java/lang/NoSuchMethodError'{0x00000000fea00160}: 'java.lang.Object java.lang.invoke.Invokers$Holder.invokeExact_MT(java.lang.Object, java.lang.Object, java.lang.Object, java.lang.Object, java.lang.Object, java.lang.Object)'> (0x00000000fea00160) 
thrown [s\open\src\hotspot\share\interpreter\linkResolver.cpp, line 773]
Event: 1.021 Thread 0x0000020481fcb2a0 Exception <a 'java/lang/NoSuchMethodError'{0x00000000feaaa798}: 'java.lang.Object java.lang.invoke.DirectMethodHandle$Holder.invokeSpecialIFC(java.lang.Object, java.lang.Object, java.lang.Object, java.lang.Object)'> (0x00000000feaaa798) 
thrown [s\open\src\hotspot\share\interpreter\linkResolver.cpp, line 773]
Event: 1.022 Thread 0x0000020481fcb2a0 Exception <a 'java/lang/NoSuchMethodError'{0x00000000feab3888}: 'java.lang.Object java.lang.invoke.DirectMethodHandle$Holder.invokeVirtual(java.lang.Object, java.lang.Object, java.lang.Object, java.lang.Object, java.lang.Object, java.lang.Object, java.lang.Object, java.lang.Object)'> (0x00000000feab3888) 
thrown [s\open\src\hotspot\share\interpreter\linkResolver.cpp, line 773]
Event: 1.068 Thread 0x0000020481fcb2a0 Exception <a 'java/lang/NoSuchMethodError'{0x00000000fe48c7f0}: 'java.lang.Object java.lang.invoke.DirectMethodHandle$Holder.invokeStaticInit(java.lang.Object, int, int, int, int)'> (0x00000000fe48c7f0) 
thrown [s\open\src\hotspot\share\interpreter\linkResolver.cpp, line 773]
Event: 1.093 Thread 0x0000020481fcb2a0 Exception <a 'java/lang/NoSuchMethodError'{0x00000000fe34ee98}: 'java.lang.Object java.lang.invoke.DirectMethodHandle$Holder.invokeStaticInit(java.lang.Object, java.lang.Object, int, int, int, int)'> (0x00000000fe34ee98) 
thrown [s\open\src\hotspot\share\interpreter\linkResolver.cpp, line 773]
Event: 1.118 Thread 0x0000020481fcb2a0 Exception <a 'java/lang/NoSuchMethodError'{0x00000000fe37a628}: 'void java.lang.invoke.DirectMethodHandle$Holder.invokeStatic(java.lang.Object, java.lang.Object, java.lang.Object)'> (0x00000000fe37a628) 
thrown [s\open\src\hotspot\share\interpreter\linkResolver.cpp, line 773]
Event: 1.140 Thread 0x0000020481fcb2a0 Implicit null exception at 0x000002049355cf20 to 0x000002049355d534
Event: 1.141 Thread 0x0000020481fcb2a0 Implicit null exception at 0x00000204935737a0 to 0x0000020493573dac
Event: 1.196 Thread 0x0000020481fcb2a0 Exception <a 'java/lang/NoSuchMethodError'{0x00000000fe0b8fe0}: 'void java.lang.invoke.DirectMethodHandle$Holder.invokeInterface(java.lang.Object, java.lang.Object, java.lang.Object)'> (0x00000000fe0b8fe0) 
thrown [s\open\src\hotspot\share\interpreter\linkResolver.cpp, line 773]
Event: 1.298 Thread 0x00000204e4796cc0 Exception <a 'java/lang/NoSuchMethodError'{0x00000000ffb12ca8}: 'void java.lang.invoke.DirectMethodHandle$Holder.invokeStatic(java.lang.Object, long)'> (0x00000000ffb12ca8) 
thrown [s\open\src\hotspot\share\interpreter\linkResolver.cpp, line 773]
Event: 1.299 Thread 0x00000204e4796cc0 Exception <a 'java/lang/NoSuchMethodError'{0x00000000ffb17ec0}: 'java.lang.Object java.lang.invoke.DirectMethodHandle$Holder.newInvokeSpecial(java.lang.Object, long)'> (0x00000000ffb17ec0) 
thrown [s\open\src\hotspot\share\interpreter\linkResolver.cpp, line 773]
Event: 1.301 Thread 0x00000204e4796cc0 Exception <a 'java/lang/NoSuchMethodError'{0x00000000ffb1eba8}: 'java.lang.Object java.lang.invoke.DirectMethodHandle$Holder.invokeStatic(java.lang.Object, long, java.lang.Object)'> (0x00000000ffb1eba8) 
thrown [s\open\src\hotspot\share\interpreter\linkResolver.cpp, line 773]
Event: 1.301 Thread 0x00000204e4796cc0 Exception <a 'java/lang/NoSuchMethodError'{0x00000000ffb22340}: 'java.lang.Object java.lang.invoke.DirectMethodHandle$Holder.invokeStaticInit(java.lang.Object, long, java.lang.Object)'> (0x00000000ffb22340) 
thrown [s\open\src\hotspot\share\interpreter\linkResolver.cpp, line 773]

ZGC Phase Switch (0 events):
No events

VM Operations (20 events):
Event: 365.900 Executing VM operation: Cleanup
Event: 365.900 Executing VM operation: Cleanup done
Event: 396.141 Executing VM operation: Cleanup
Event: 396.186 Executing VM operation: Cleanup done
Event: 397.192 Executing VM operation: Cleanup
Event: 397.192 Executing VM operation: Cleanup done
Event: 407.253 Executing VM operation: Cleanup
Event: 407.254 Executing VM operation: Cleanup done
Event: 421.030 Executing VM operation: HandshakeAllThreads (HandshakeForDeflation)
Event: 421.030 Executing VM operation: HandshakeAllThreads (HandshakeForDeflation) done
Event: 421.030 Executing VM operation: RendezvousGCThreads
Event: 421.030 Executing VM operation: RendezvousGCThreads done
Event: 428.083 Executing VM operation: Cleanup
Event: 428.083 Executing VM operation: Cleanup done
Event: 445.218 Executing VM operation: Cleanup
Event: 445.218 Executing VM operation: Cleanup done
Event: 481.198 Executing VM operation: HandshakeAllThreads (HandshakeForDeflation)
Event: 481.200 Executing VM operation: HandshakeAllThreads (HandshakeForDeflation) done
Event: 481.200 Executing VM operation: RendezvousGCThreads
Event: 481.200 Executing VM operation: RendezvousGCThreads done

Events (20 events):
Event: 0.030 Thread 0x00000204df1387d0 Thread added: 0x00000204df1387d0
Event: 0.030 Thread 0x00000204df13fa80 Thread added: 0x00000204df13fa80
Event: 0.030 Thread 0x00000204df140af0 Thread added: 0x00000204df140af0
Event: 0.030 Thread 0x00000204df1417b0 Thread added: 0x00000204df1417b0
Event: 0.030 Thread 0x00000204df144850 Thread added: 0x00000204df144850
Event: 0.030 Thread 0x00000204df1515a0 Thread added: 0x00000204df1515a0
Event: 0.030 Thread 0x00000204df151eb0 Thread added: 0x00000204df151eb0
Event: 0.041 Thread 0x00000204df2dae60 Thread added: 0x00000204df2dae60
Event: 0.043 Thread 0x00000204df2ea180 Thread added: 0x00000204df2ea180
Event: 0.437 Thread 0x00000204df3ff210 Thread added: 0x00000204df3ff210
Event: 0.438 Thread 0x00000204df3ffac0 Thread added: 0x00000204df3ffac0
Event: 0.840 Thread 0x00000204dfc584e0 Thread added: 0x00000204dfc584e0
Event: 1.290 Thread 0x00000204e4796cc0 Thread added: 0x00000204e4796cc0
Event: 1.306 Thread 0x00000204e4a110b0 Thread added: 0x00000204e4a110b0
Event: 1.307 Thread 0x00000204e4873c30 Thread added: 0x00000204e4873c30
Event: 1.308 Thread 0x00000204e4a110b0 Thread exited: 0x00000204e4a110b0
Event: 1.945 Thread 0x00000204df3ffac0 Thread exited: 0x00000204df3ffac0
Event: 2.550 Thread 0x00000204df3ff210 Thread exited: 0x00000204df3ff210
Event: 3.975 Thread 0x00000204e4873c30 Thread exited: 0x00000204e4873c30
Event: 3.975 Thread 0x00000204e4796cc0 Thread exited: 0x00000204e4796cc0


Dynamic libraries:
0x00007ff670300000 - 0x00007ff670310000 	C:\Program Files\Java\jdk-21.0.11\bin\java.exe
0x00007ffe996a0000 - 0x00007ffe99906000 	C:\WINDOWS\SYSTEM32\ntdll.dll
0x00007ffe97620000 - 0x00007ffe976e9000 	C:\WINDOWS\System32\KERNEL32.DLL
0x00007ffe96e70000 - 0x00007ffe9726e000 	C:\WINDOWS\System32\KERNELBASE.dll
0x00007ffe968c0000 - 0x00007ffe96a0c000 	C:\WINDOWS\System32\ucrtbase.dll
0x00007ffe75d70000 - 0x00007ffe75d89000 	C:\Program Files\Java\jdk-21.0.11\bin\jli.dll
0x00007ffe77ce0000 - 0x00007ffe77cfe000 	C:\Program Files\Java\jdk-21.0.11\bin\VCRUNTIME140.dll
0x00007ffe973d0000 - 0x00007ffe97487000 	C:\WINDOWS\System32\ADVAPI32.dll
0x00007ffe990e0000 - 0x00007ffe99189000 	C:\WINDOWS\System32\msvcrt.dll
0x00007ffe97950000 - 0x00007ffe979fa000 	C:\WINDOWS\System32\sechost.dll
0x00007ffe981e0000 - 0x00007ffe982f8000 	C:\WINDOWS\System32\RPCRT4.dll
0x00007ffe985d0000 - 0x00007ffe98797000 	C:\WINDOWS\System32\USER32.dll
0x00007ffe96d80000 - 0x00007ffe96da7000 	C:\WINDOWS\System32\win32u.dll
0x00007ffe98300000 - 0x00007ffe9832b000 	C:\WINDOWS\System32\GDI32.dll
0x00007ffe76080000 - 0x00007ffe76312000 	C:\WINDOWS\WinSxS\amd64_microsoft.windows.common-controls_6595b64144ccf1df_6.0.26100.8875_none_3e0d5d42e32fe9dd\COMCTL32.dll
0x00007ffe96ba0000 - 0x00007ffe96cca000 	C:\WINDOWS\System32\gdi32full.dll
0x00007ffe96cd0000 - 0x00007ffe96d73000 	C:\WINDOWS\System32\msvcp_win.dll
0x00007ffe881f0000 - 0x00007ffe881fb000 	C:\WINDOWS\SYSTEM32\VERSION.dll
0x00007ffe98340000 - 0x00007ffe98372000 	C:\WINDOWS\System32\IMM32.DLL
0x00007ffe90c10000 - 0x00007ffe90c1c000 	C:\Program Files\Java\jdk-21.0.11\bin\vcruntime140_1.dll
0x00007ffe6c600000 - 0x00007ffe6c68d000 	C:\Program Files\Java\jdk-21.0.11\bin\msvcp140.dll
0x00007ffdf1b20000 - 0x00007ffdf2848000 	C:\Program Files\Java\jdk-21.0.11\bin\server\jvm.dll
0x00007ffe97d10000 - 0x00007ffe97d90000 	C:\WINDOWS\System32\WS2_32.dll
0x00007ffe96720000 - 0x00007ffe9677e000 	C:\WINDOWS\SYSTEM32\POWRPROF.dll
0x00007ffe8cec0000 - 0x00007ffe8cef6000 	C:\WINDOWS\SYSTEM32\WINMM.dll
0x00007ffe96700000 - 0x00007ffe96714000 	C:\WINDOWS\SYSTEM32\UMPDC.dll
0x00007ffe95560000 - 0x00007ffe9557b000 	C:\WINDOWS\SYSTEM32\kernel.appcore.dll
0x00007ffe77cd0000 - 0x00007ffe77cda000 	C:\Program Files\Java\jdk-21.0.11\bin\jimage.dll
0x00007ffe93d50000 - 0x00007ffe93f92000 	C:\WINDOWS\SYSTEM32\DBGHELP.DLL
0x00007ffe97df0000 - 0x00007ffe98173000 	C:\WINDOWS\System32\combase.dll
0x00007ffe98380000 - 0x00007ffe98459000 	C:\WINDOWS\System32\OLEAUT32.dll
0x00007ffe74d10000 - 0x00007ffe74d4b000 	C:\WINDOWS\SYSTEM32\dbgcore.DLL
0x00007ffe96db0000 - 0x00007ffe96e5c000 	C:\WINDOWS\System32\bcryptPrimitives.dll
0x00007ffe72e00000 - 0x00007ffe72e21000 	C:\Program Files\Java\jdk-21.0.11\bin\java.dll
0x00007ffe987a0000 - 0x00007ffe98f32000 	C:\WINDOWS\System32\SHELL32.dll
0x00007ffe94320000 - 0x00007ffe94bb2000 	C:\WINDOWS\SYSTEM32\windows.storage.dll
0x00007ffe98f40000 - 0x00007ffe99037000 	C:\WINDOWS\System32\SHCORE.dll
0x00007ffe97b00000 - 0x00007ffe97b67000 	C:\WINDOWS\System32\shlwapi.dll
0x00007ffe967e0000 - 0x00007ffe96809000 	C:\WINDOWS\SYSTEM32\profapi.dll
0x00007ffe613b0000 - 0x00007ffe61487000 	C:\Program Files\Java\jdk-21.0.11\bin\jsvml.dll
0x00007ffe75cd0000 - 0x00007ffe75ce1000 	C:\Program Files\Java\jdk-21.0.11\bin\net.dll
0x00007ffe90aa0000 - 0x00007ffe90bc7000 	C:\WINDOWS\SYSTEM32\WINHTTP.dll
0x00007ffe95af0000 - 0x00007ffe95b5c000 	C:\WINDOWS\system32\mswsock.dll
0x00007ffe726b0000 - 0x00007ffe726c6000 	C:\Program Files\Java\jdk-21.0.11\bin\nio.dll
0x00007ffe72690000 - 0x00007ffe726a8000 	C:\Program Files\Java\jdk-21.0.11\bin\zip.dll
0x00007ffe73190000 - 0x00007ffe731a0000 	C:\Program Files\Java\jdk-21.0.11\bin\verify.dll
0x00007ffe66ec0000 - 0x00007ffe66ee7000 	C:\Users\HP\.gradle\native\c067742578af261105cb4f569cf0c3c89f3d7b1fecec35dd04571415982c5e48\windows-amd64\native-platform.dll
0x00007ffe77c10000 - 0x00007ffe77c1a000 	C:\Users\HP\.gradle\native\jansi\1.18\windows64\jansi.dll
0x00007ffe72cb0000 - 0x00007ffe72cba000 	C:\Program Files\Java\jdk-21.0.11\bin\management.dll
0x00007ffe6c890000 - 0x00007ffe6c89c000 	C:\Program Files\Java\jdk-21.0.11\bin\management_ext.dll
0x00007ffe99040000 - 0x00007ffe99048000 	C:\WINDOWS\System32\PSAPI.DLL
0x00007ffe95f20000 - 0x00007ffe95f3b000 	C:\WINDOWS\SYSTEM32\CRYPTSP.dll
0x00007ffe954c0000 - 0x00007ffe954f9000 	C:\WINDOWS\system32\rsaenh.dll
0x00007ffe95bb0000 - 0x00007ffe95be2000 	C:\WINDOWS\SYSTEM32\USERENV.dll
0x00007ffe967b0000 - 0x00007ffe967da000 	C:\WINDOWS\SYSTEM32\bcrypt.dll
0x00007ffe95d60000 - 0x00007ffe95d6c000 	C:\WINDOWS\SYSTEM32\CRYPTBASE.dll
0x00007ffe94f60000 - 0x00007ffe94f93000 	C:\WINDOWS\SYSTEM32\IPHLPAPI.DLL
0x00007ffe99190000 - 0x00007ffe9919a000 	C:\WINDOWS\System32\NSI.dll
0x00007ffe6c880000 - 0x00007ffe6c889000 	C:\Program Files\Java\jdk-21.0.11\bin\extnet.dll
0x00007ffe75d60000 - 0x00007ffe75d6e000 	C:\Program Files\Java\jdk-21.0.11\bin\sunmscapi.dll
0x00007ffe96a20000 - 0x00007ffe96b98000 	C:\WINDOWS\System32\CRYPT32.dll
0x00007ffe96090000 - 0x00007ffe960c0000 	C:\WINDOWS\SYSTEM32\ncrypt.dll
0x00007ffe96040000 - 0x00007ffe9607f000 	C:\WINDOWS\SYSTEM32\NTASN1.dll
0x00007ffe1f280000 - 0x00007ffe1f288000 	C:\WINDOWS\system32\wshunix.dll

dbghelp: loaded successfully - version: 4.0.5 - missing functions: none
symbol engine: initialized successfully - sym options: 0x614 - pdb path: .;C:\Program Files\Java\jdk-21.0.11\bin;C:\WINDOWS\SYSTEM32;C:\WINDOWS\WinSxS\amd64_microsoft.windows.common-controls_6595b64144ccf1df_6.0.26100.8875_none_3e0d5d42e32fe9dd;C:\Program Files\Java\jdk-21.0.11\bin\server;C:\Users\HP\.gradle\native\c067742578af261105cb4f569cf0c3c89f3d7b1fecec35dd04571415982c5e48\windows-amd64;C:\Users\HP\.gradle\native\jansi\1.18\windows64

VM Arguments:
jvm_args: -Xmx64m -Xms64m -Dorg.gradle.appname=gradlew 
java_command: org.gradle.wrapper.GradleWrapperMain app:assembleDebug -x lint -x test --configure-on-demand --build-cache -PreactNativeDevServerPort=8081 -PreactNativeArchitectures=arm64-v8a,armeabi-v7a
java_class_path (initial): D:\TechBite\mobile\android\\gradle\wrapper\gradle-wrapper.jar
Launcher Type: SUN_STANDARD

[Global flags]
     intx CICompilerCount                          = 4                                         {product} {ergonomic}
     uint ConcGCThreads                            = 2                                         {product} {ergonomic}
     uint G1ConcRefinementThreads                  = 8                                         {product} {ergonomic}
   size_t G1HeapRegionSize                         = 1048576                                   {product} {ergonomic}
    uintx GCDrainStackTargetSize                   = 64                                        {product} {ergonomic}
   size_t InitialHeapSize                          = 67108864                                  {product} {command line}
   size_t MarkStackSize                            = 4194304                                   {product} {ergonomic}
   size_t MaxHeapSize                              = 67108864                                  {product} {command line}
   size_t MaxNewSize                               = 39845888                                  {product} {ergonomic}
   size_t MinHeapDeltaBytes                        = 1048576                                   {product} {ergonomic}
   size_t MinHeapSize                              = 67108864                                  {product} {command line}
    uintx NonNMethodCodeHeapSize                   = 5839372                                {pd product} {ergonomic}
    uintx NonProfiledCodeHeapSize                  = 122909434                              {pd product} {ergonomic}
    uintx ProfiledCodeHeapSize                     = 122909434                              {pd product} {ergonomic}
    uintx ReservedCodeCacheSize                    = 251658240                              {pd product} {ergonomic}
     bool SegmentedCodeCache                       = true                                      {product} {ergonomic}
   size_t SoftMaxHeapSize                          = 67108864                               {manageable} {ergonomic}
     bool UseCompressedOops                        = true                           {product lp64_product} {ergonomic}
     bool UseG1GC                                  = true                                      {product} {ergonomic}
     bool UseLargePagesIndividualAllocation        = false                                  {pd product} {ergonomic}

Logging:
Log output configuration:
 #0: stdout all=warning uptime,level,tags foldmultilines=false
 #1: stderr all=off uptime,level,tags foldmultilines=false

Environment Variables:
JAVA_HOME=C:\Program Files\Java\jdk-21.0.11
CLASSPATH=D:\TechBite\mobile\android\\gradle\wrapper\gradle-wrapper.jar
PATH=D:\TechBite\mobile\node_modules\.bin;D:\TechBite\mobile\node_modules\.bin;D:\TechBite\node_modules\.bin;D:\node_modules\.bin;C:\Users\HP\AppData\Roaming\npm\node_modules\npm\node_modules\@npmcli\run-script\lib\node-gyp-bin;C:\Program Files\Common Files\Oracle\Java\javapath;C:\Users\HP\AppData\Local\Programs\Python\Python314;C:\Users\HP\AppData\Local\Programs\Python\Python314\Scripts;C:\Program Files (x86)\Microchip\mplabc18\v3.47\mpasm;C:\Program Files (x86)\Microchip\mplabc18\v3.47\bin;C:\Program Files\MongoDB\Server\7.0\bin;D:\apache-maven-3.9.15\bin;C:\Program Files\Java\jdk-21.0.11\bin;C:\Program Files\gradle\gradle-7.6\bin;D:\flutter\bin;C:\Windows\System32;C:\ProgramData\chocolatey\bin;C:\xampp\php;C:\Program Files\Vagrant\bin;C:\Program Files\MySQL\MySQL Server 8.0\bin;C:\Windows\System32\WindowsPowerShell\v1.0;C:\src\flutter\bin;C:\Program Files\Git\bin;C:\Program Files\Git\cmd;C:\MinGW\bin;C:\Users\HP\AppData\Roaming\nvm;C:\Program Files\nodejs;C:\Program Files\nodejs;C:\Users\HP\AppData\Roaming\npm;C:\Program Files\Docker\Docker\resources\bin;C:\WINDOWS\system32;C:\WINDOWS;C:\WINDOWS\System32\Wbem;C:\WINDOWS\System32\WindowsPowerShell\v1.0\;C:\WINDOWS\System32\OpenSSH\;C:\Program Files\Microchip\xc8\v3.00\bin;C:\Program Files\Microchip\xc-dsc\v3.20\bin;c:\Users\HP\AppData\Local\Programs\cursor\resources\app\bin;C:\Program Files (x86)\Microchip\MPLAB C32 Suite\bin;C:\xampp2\php;C:\ProgramData\ComposerSetup\bin;C:\Program Files\PostgreSQL\18\bin;C:\Program Files\nodejs\;C:\Users\HP\AppData\Local\Programs\Python\Launcher\;C:\Users\HP\AppData\Local\Programs\Python\Python314\Scripts\;C:\Users\HP\AppData\Local\Programs\Python\Python314\;C:\Program Files\MySQL\MySQL Shell 8.0\bin\;C:\Program Files (x86)\Microchip\mplabc18\v3.47\mpasm;C:\Program Files (x86)\Microchip\mplabc18\v3.47\bin;C:\Program Files\MongoDB\Server\7.0\bin;C:\Program Files\Java\jdk-21.0.11\bin;D:\apache-maven-3.9.15\bin;C:\Program Files\gradle\gradle-7.6\bin;C:\ProgramData\Oracle\Java\javapath;C:\Windows\System32;C:\ProgramData\chocolatey\bin;C:\xampp\php;C:\Program Files\Vagrant\bin;C:\Program Files\MySQL\MySQL Server 8.0\bin;C:\Windows\System32\WindowsPowerShell\v1.0;C:\src\flutter\bin;C:\Program Files\Git\bin;C:\Program Files\Git\cmd;C:\MinGW\bin;C:\Users\HP\AppData\Roaming\nvm;C:\Program Files\nodejs;C:\Program Files\nodejs;C:\Program Files\Docker\Docker\resources\bin;C:\WINDOWS\system32;C:\WINDOWS;C:\WINDOWS\System32\Wbem;C:\WINDOWS\System32\WindowsPowerShell\v1.0\;C:\WINDOWS\System32\OpenSSH\;C:\Program Files\Microchip\xc8\v3.00\bin;C:\Program Files\Microchip\xc-dsc\v3.20\bin;C:\Users\HP\AppData;C:\Users\HP\AppData\Local\Programs\Microsoft VS Code\bin;C:\Users\HP\AppData\Local\Programs\cursor\resources\app\bin;C:\Users\HP\AppData\Roaming\Composer\vendor\bin;C:\Program Files\PostgreSQL\18\bin;C:\Users\HP\AppData\Local\Programs\Antigravity\bin;C:\Users\HP\AppData\Roaming\npm;C:\Users\HP\AppData\Local\Google\Cloud SDK\google-cloud-sdk\bin;C:\Users\HP\AppData\Local\Programs\Antigravity IDE\bin;C:\Users\HP\AppData\Local\Pub\Cache\bin;c:\Users\HP\.antigravity-ide\extensions\vscjava.vscode-java-debug-0.59.0-universal\bundled\scripts\noConfigScripts
USERNAME=HP
LANG=en_US.UTF-8
OS=Windows_NT
PROCESSOR_IDENTIFIER=Intel64 Family 6 Model 140 Stepping 1, GenuineIntel
TMP=C:\Users\HP\AppData\Local\Temp
TEMP=C:\Users\HP\AppData\Local\Temp




Periodic native trim disabled

---------------  S Y S T E M  ---------------

OS:
 Windows 11 , 64 bit Build 26100 (10.0.26100.8875)
OS uptime: 0 days 12:24 hours
Hyper-V role detected

CPU: total 8 (initial active 8) (4 cores per cpu, 2 threads per core) family 6 model 140 stepping 1 microcode 0xac, cx8, cmov, fxsr, ht, mmx, 3dnowpref, sse, sse2, sse3, ssse3, sse4.1, sse4.2, popcnt, lzcnt, tsc, tscinvbit, avx, avx2, aes, erms, clmul, bmi1, bmi2, adx, avx512f, avx512dq, avx512cd, avx512bw, avx512vl, sha, fma, vzeroupper, avx512_vpopcntdq, avx512_vpclmulqdq, avx512_vaes, avx512_vnni, clflush, clflushopt, clwb, avx512_vbmi2, avx512_vbmi, hv, rdtscp, rdpid, fsrm, gfni, avx512_bitalg, f16c, cet_ibt, cet_ss, avx512_ifma
Processor Information for processor 0
  Max Mhz: 2419, Current Mhz: 1007, Mhz Limit: 2419
Processor Information for processor 1
  Max Mhz: 2419, Current Mhz: 2419, Mhz Limit: 2419
Processor Information for processor 2
  Max Mhz: 2419, Current Mhz: 2419, Mhz Limit: 2419
Processor Information for processor 3
  Max Mhz: 2419, Current Mhz: 1007, Mhz Limit: 2419
Processor Information for processor 4
  Max Mhz: 2419, Current Mhz: 1007, Mhz Limit: 2419
Processor Information for processor 5
  Max Mhz: 2419, Current Mhz: 1007, Mhz Limit: 2419
Processor Information for processor 6
  Max Mhz: 2419, Current Mhz: 2419, Mhz Limit: 2419
Processor Information for processor 7
  Max Mhz: 2419, Current Mhz: 2419, Mhz Limit: 2419

Memory: 4k page, system-wide physical 7932M (1303M free)
TotalPageFile size 25590M (AvailPageFile size 0M)
current process WorkingSet (physical memory assigned to process): 12M, peak: 121M
current process commit charge ("private bytes"): 170M, peak: 185M

vm_info: Java HotSpot(TM) 64-Bit Server VM (21.0.11+9-LTS-211) for windows-amd64 JRE (21.0.11+9-LTS-211), built on 2026-03-11T00:23:15Z by "mach5run" with MS VC++ 17.13 (VS2022)

END.
